2026-04-16 22:47:40.976 -04:00 [INF] [TraceId:] [SpanId:] Starting up the application
{"Application":"Sample.ProductAPI"}
2026-04-16 22:47:57.292 -04:00 [INF] [TraceId:70fc967bdd01ee8ef58d801c7353b612] [SpanId:43675c0a9f09935f] Getting all products.
{"SourceContext":"Sample.ProductAPI.Controllers.ProductsController","ActionId":"0cf84dbf-6c6c-44fb-b0fa-d81ab4634a4a","ActionName":"Sample.ProductAPI.Controllers.ProductsController.GetProducts (Sample.ProductAPI)","RequestId":"0HNKS5EP5NC0R:00000009","RequestPath":"/api/Products","ConnectionId":"0HNKS5EP5NC0R","Application":"Sample.ProductAPI"}
2026-04-16 22:47:57.371 -04:00 [INF] [TraceId:70fc967bdd01ee8ef58d801c7353b612] [SpanId:43675c0a9f09935f] HTTP GET /api/Products responded 200 in 98.9211 ms
{"SourceContext":"Serilog.AspNetCore.RequestLoggingMiddleware","RequestId":"0HNKS5EP5NC0R:00000009","ConnectionId":"0HNKS5EP5NC0R","Application":"Sample.ProductAPI"}
2026-04-16 22:48:09.034 -04:00 [INF] [TraceId:c6f4f0905f2162b403f163dc8f49079a] [SpanId:9daf6432923ecb46] Getting product with ID: 1
{"SourceContext":"Sample.ProductAPI.Controllers.ProductsController","ActionId":"4816fdd2-19f0-4a6d-a922-24dd6301af25","ActionName":"Sample.ProductAPI.Controllers.ProductsController.GetProduct (Sample.ProductAPI)","RequestId":"0HNKS5EP5NC0R:0000000B","RequestPath":"/api/Products/1","ConnectionId":"0HNKS5EP5NC0R","Application":"Sample.ProductAPI"}
2026-04-16 22:48:09.098 -04:00 [INF] [TraceId:c6f4f0905f2162b403f163dc8f49079a] [SpanId:9daf6432923ecb46] HTTP GET /api/Products/1 responded 200 in 90.4940 ms
{"SourceContext":"Serilog.AspNetCore.RequestLoggingMiddleware","RequestId":"0HNKS5EP5NC0R:0000000B","ConnectionId":"0HNKS5EP5NC0R","Application":"Sample.ProductAPI"}
2026-04-16 22:48:19.204 -04:00 [INF] [TraceId:5be7697d97ff2075d8255ca395554ea7] [SpanId:195a58869d75df32] Getting attributes for product with ID: 1
{"SourceContext":"Sample.ProductAPI.Controllers.ProductsController","ActionId":"0073017e-a106-46fe-ae1a-c814d7109b28","ActionName":"Sample.ProductAPI.Controllers.ProductsController.GetProductAttributes (Sample.ProductAPI)","RequestId":"0HNKS5EP5NC0R:0000000D","RequestPath":"/api/Products/1/attributes","ConnectionId":"0HNKS5EP5NC0R","Application":"Sample.ProductAPI"}
2026-04-16 22:48:19.213 -04:00 [INF] [TraceId:5be7697d97ff2075d8255ca395554ea7] [SpanId:195a58869d75df32] HTTP GET /api/Products/1/attributes responded 200 in 17.6118 ms
{"SourceContext":"Serilog.AspNetCore.RequestLoggingMiddleware","RequestId":"0HNKS5EP5NC0R:0000000D","ConnectionId":"0HNKS5EP5NC0R","Application":"Sample.ProductAPI"}
2026-04-16 22:48:25.666 -04:00 [INF] [TraceId:2dd487e57a23714ce4c4a20812298b9c] [SpanId:0fcb957d4bcac5cf] Getting attributes for product with ID: 11
{"SourceContext":"Sample.ProductAPI.Controllers.ProductsController","ActionId":"0073017e-a106-46fe-ae1a-c814d7109b28","ActionName":"Sample.ProductAPI.Controllers.ProductsController.GetProductAttributes (Sample.ProductAPI)","RequestId":"0HNKS5EP5NC0R:0000000F","RequestPath":"/api/Products/11/attributes","ConnectionId":"0HNKS5EP5NC0R","Application":"Sample.ProductAPI"}
2026-04-16 22:48:25.670 -04:00 [WRN] [TraceId:2dd487e57a23714ce4c4a20812298b9c] [SpanId:0fcb957d4bcac5cf] No attributes found for product with ID: 11
{"SourceContext":"Sample.ProductAPI.Controllers.ProductsController","ActionId":"0073017e-a106-46fe-ae1a-c814d7109b28","ActionName":"Sample.ProductAPI.Controllers.ProductsController.GetProductAttributes (Sample.ProductAPI)","RequestId":"0HNKS5EP5NC0R:0000000F","RequestPath":"/api/Products/11/attributes","ConnectionId":"0HNKS5EP5NC0R","Application":"Sample.ProductAPI"}
2026-04-16 22:48:25.685 -04:00 [INF] [TraceId:2dd487e57a23714ce4c4a20812298b9c] [SpanId:0fcb957d4bcac5cf] HTTP GET /api/Products/11/attributes responded 404 in 20.0635 ms
{"SourceContext":"Serilog.AspNetCore.RequestLoggingMiddleware","RequestId":"0HNKS5EP5NC0R:0000000F","ConnectionId":"0HNKS5EP5NC0R","Application":"Sample.ProductAPI"}
2026-04-16 22:48:39.726 -04:00 [INF] [TraceId:36780222a320ac07e8c45b9b7a31ce8b] [SpanId:019394968889e2ab] Getting product with ID: 12
{"SourceContext":"Sample.ProductAPI.Controllers.ProductsController","ActionId":"4816fdd2-19f0-4a6d-a922-24dd6301af25","ActionName":"Sample.ProductAPI.Controllers.ProductsController.GetProduct (Sample.ProductAPI)","RequestId":"0HNKS5EP5NC0R:00000011","RequestPath":"/api/Products/12","ConnectionId":"0HNKS5EP5NC0R","Application":"Sample.ProductAPI"}
2026-04-16 22:48:39.729 -04:00 [WRN] [TraceId:36780222a320ac07e8c45b9b7a31ce8b] [SpanId:019394968889e2ab] Product with ID: 12 not found.
{"SourceContext":"Sample.ProductAPI.Controllers.ProductsController","ActionId":"4816fdd2-19f0-4a6d-a922-24dd6301af25","ActionName":"Sample.ProductAPI.Controllers.ProductsController.GetProduct (Sample.ProductAPI)","RequestId":"0HNKS5EP5NC0R:00000011","RequestPath":"/api/Products/12","ConnectionId":"0HNKS5EP5NC0R","Application":"Sample.ProductAPI"}
2026-04-16 22:48:39.731 -04:00 [INF] [TraceId:36780222a320ac07e8c45b9b7a31ce8b] [SpanId:019394968889e2ab] HTTP GET /api/Products/12 responded 404 in 5.5116 ms
{"SourceContext":"Serilog.AspNetCore.RequestLoggingMiddleware","RequestId":"0HNKS5EP5NC0R:00000011","ConnectionId":"0HNKS5EP5NC0R","Application":"Sample.ProductAPI"}
